<?xml version="1.0" encoding="UTF-8"?>
<testsuite xmlns:xsi="http://www.w3.org/2001/XMLSchema-instance" xsi:noNamespaceSchemaLocation="https://maven.apache.org/surefire/maven-surefire-plugin/xsd/surefire-test-report.xsd" name="cz.cvut.kbss.ear.meeting_scheduler.security.DefaultAuthenticationProviderTest" time="3.928" tests="4" errors="0" skipped="0" failures="0">
  <properties>
[...]
</properties>
  <testcase name="successfulAuthenticationSetsSecurityContext" classname="cz.cvut.kbss.ear.meeting_scheduler.security.DefaultAuthenticationProviderTest" time="0.477"/>
  <testcase name="authenticateThrowsBadCredentialsForInvalidPassword" classname="cz.cvut.kbss.ear.meeting_scheduler.security.DefaultAuthenticationProviderTest" time="0.225"/>
  <testcase name="supportsUsernameAndPasswordAuthentication" classname="cz.cvut.kbss.ear.meeting_scheduler.security.DefaultAuthenticationProviderTest" time="0.106"/>
  <testcase name="authenticateThrowsUserNotFoundExceptionForUnknownUsername" classname="cz.cvut.kbss.ear.meeting_scheduler.security.DefaultAuthenticationProviderTest" time="0.107"/>
</testsuite>